<?xml version="1.0" encoding="UTF-8"?>
<!-- Generated by org.testng.reporters.JUnitXMLReporter -->
<testsuite hostname="CDC2-D-CH0NXJ2" ignored="1" name="Default test" tests="3" failures="0" timestamp="17 Jul 2019 10:38:48 GMT" time="41.025" errors="0">
  <testcase name="login" time="8.959" classname="case_study.Case_1"/>
  <testcase name="testcart" time="16.105" classname="case_study.Case_1"/>
  <testcase name="testPayment" time="6.464" classname="case_study.Case_1"/>
  <testcase name="register" time="0.0" classname="case_study.Case_1">
    <ignored/>
  </testcase> <!-- register -->
</testsuite> <!-- Default test -->
