<?xml version="1.0" encoding="UTF-8"?>
<testng-results skipped="0" failed="0" ignored="1" total="4" passed="3">
  <reporter-output>
  </reporter-output>
  <suite name="Default suite" duration-ms="41025" started-at="2019-07-17T10:38:07Z" finished-at="2019-07-17T10:38:48Z">
    <groups>
    </groups>
    <test name="Default test" duration-ms="41025" started-at="2019-07-17T10:38:07Z" finished-at="2019-07-17T10:38:48Z">
      <class name="case_study.Case_1">
        <test-method status="PASS" signature="beforeMethod()[pri:0, instance:case_study.Case_1@91161c7]" name="beforeMethod" is-config="true" duration-ms="46993" started-at="2019-07-17T10:37:20Z" finished-at="2019-07-17T10:38:07Z">
          <reporter-output>
          </reporter-output>
        </test-method> <!-- beforeMethod -->
        <test-method status="PASS" signature="ReportBeforetest()[pri:0, instance:case_study.Case_1@91161c7]" name="ReportBeforetest" is-config="true" duration-ms="7303" started-at="2019-07-17T10:38:07Z" finished-at="2019-07-17T10:38:14Z">
          <reporter-output>
          </reporter-output>
        </test-method> <!-- ReportBeforetest -->
        <test-method status="PASS" signature="login()[pri:2, instance:case_study.Case_1@91161c7]" name="login" duration-ms="8959" started-at="2019-07-17T10:38:14Z" finished-at="2019-07-17T10:38:23Z">
          <reporter-output>
          </reporter-output>
        </test-method> <!-- login -->
        <test-method status="PASS" signature="testcart()[pri:3, instance:case_study.Case_1@91161c7]" name="testcart" duration-ms="16105" started-at="2019-07-17T10:38:23Z" finished-at="2019-07-17T10:38:39Z">
          <reporter-output>
          </reporter-output>
        </test-method> <!-- testcart -->
        <test-method status="PASS" signature="testPayment()[pri:4, instance:case_study.Case_1@91161c7]" name="testPayment" duration-ms="6464" started-at="2019-07-17T10:38:39Z" finished-at="2019-07-17T10:38:46Z">
          <reporter-output>
          </reporter-output>
        </test-method> <!-- testPayment -->
        <test-method status="PASS" signature="finalreport()[pri:0, instance:case_study.Case_1@91161c7]" name="finalreport" is-config="true" duration-ms="2002" started-at="2019-07-17T10:38:46Z" finished-at="2019-07-17T10:38:48Z">
          <reporter-output>
          </reporter-output>
        </test-method> <!-- finalreport -->
      </class> <!-- case_study.Case_1 -->
    </test> <!-- Default test -->
  </suite> <!-- Default suite -->
</testng-results>
